npm verbose cli C:\Program Files\nodejs\node.exe C:\Program Files\nodejs\node_modules\npm\bin\npm-cli.js
npm info using npm@10.9.0
npm info using node@v22.11.0
npm verbose title npm install
npm verbose argv "install" "--legacy-peer-deps" "--loglevel" "verbose"
npm verbose logfile logs-max:10 dir:C:\Users\Premiersoft\AppData\Local\npm-cache\_logs\2025-01-08T14_36_47_426Z-
npm verbose logfile C:\Users\Premiersoft\AppData\Local\npm-cache\_logs\2025-01-08T14_36_47_426Z-debug-0.log
npm http fetch GET 200 https://registry.npmjs.org/browserstack-cypress-cli 156ms (cache updated)
npm http fetch GET 200 https://registry.npmjs.org/cypress 106ms (cache updated)
npm http fetch GET 200 https://registry.npmjs.org/cli-progress 89ms (cache updated)
npm http fetch GET 200 https://registry.npmjs.org/git-repo-info 99ms (cache updated)
npm http fetch GET 200 https://registry.npmjs.org/browserstack-local 220ms (cache updated)
npm http fetch GET 200 https://registry.npmjs.org/gitconfiglocal 55ms (cache updated)
npm http fetch GET 200 https://registry.npmjs.org/glob 93ms (cache updated)
npm http fetch GET 200 https://registry.npmjs.org/mkdirp 125ms (cache updated)
npm http fetch GET 200 https://registry.npmjs.org/fs-extra 717ms (cache updated)
npm http fetch GET 200 https://registry.npmjs.org/archiver 746ms (cache updated)
npm http fetch GET 200 https://registry.npmjs.org/mocha 511ms (cache updated)
npm http fetch GET 200 https://registry.npmjs.org/axios-retry 810ms (cache updated)
npm http fetch GET 200 https://registry.npmjs.org/axios 824ms (cache updated)
npm http fetch GET 200 https://registry.npmjs.org/getmac 862ms (cache updated)
npm http fetch GET 200 https://registry.npmjs.org/form-data 885ms (cache updated)
npm http fetch GET 200 https://registry.npmjs.org/async 892ms (cache updated)
npm http fetch GET 200 https://registry.npmjs.org/uuid 119ms (cache updated)
npm http fetch GET 200 https://registry.npmjs.org/windows-release 110ms (cache updated)
npm http fetch GET 200 https://registry.npmjs.org/chalk 941ms (cache updated)
npm http fetch GET 200 https://registry.npmjs.org/chalk 4ms (cache hit)
npm http fetch GET 200 https://registry.npmjs.org/tmp 85ms (cache updated)
npm http fetch GET 200 https://registry.npmjs.org/arch 76ms (cache updated)
npm http fetch GET 200 https://registry.npmjs.org/table 299ms (cache updated)
npm http fetch GET 200 https://registry.npmjs.org/update-notifier 288ms (cache updated)
npm http fetch GET 200 https://registry.npmjs.org/winston 249ms (cache updated)
npm http fetch GET 200 https://registry.npmjs.org/debug 117ms (cache updated)
npm http fetch GET 200 https://registry.npmjs.org/execa 136ms (cache updated)
npm http fetch GET 200 https://registry.npmjs.org/node-ipc 711ms (cache updated)
npm http fetch GET 200 https://registry.npmjs.org/lodash 68ms (cache updated)
npm http fetch GET 200 https://registry.npmjs.org/ospath 112ms (cache updated)
npm http fetch GET 200 https://registry.npmjs.org/decompress 396ms (cache updated)
npm http fetch GET 200 https://registry.npmjs.org/listr2 167ms (cache updated)
npm http fetch GET 200 https://registry.npmjs.org/unzipper 408ms (cache updated)
npm http fetch GET 200 https://registry.npmjs.org/semver 96ms (cache updated)
npm http fetch GET 200 https://registry.npmjs.org/dayjs 408ms (cache updated)
npm http fetch GET 200 https://registry.npmjs.org/git-last-commit 1379ms (cache updated)
npm http fetch GET 200 https://registry.npmjs.org/figures 94ms (cache updated)
npm http fetch GET 200 https://registry.npmjs.org/yauzl 347ms (cache updated)
npm http fetch GET 200 https://registry.npmjs.org/ci-info 114ms (cache updated)
npm http fetch GET 200 https://registry.npmjs.org/getos 365ms (cache updated)
npm http fetch GET 200 https://registry.npmjs.org/cachedir 85ms (cache updated)
npm http fetch GET 200 https://registry.npmjs.org/fs-extra 27ms (cache hit)
npm http fetch GET 200 https://registry.npmjs.org/yargs 554ms (cache updated)
npm http fetch GET 200 https://registry.npmjs.org/buffer 367ms (cache updated)
npm http fetch GET 200 https://registry.npmjs.org/process 152ms (cache updated)
npm http fetch GET 200 https://registry.npmjs.org/bluebird 153ms (cache updated)
npm http fetch GET 200 https://registry.npmjs.org/lazy-ass 86ms (cache updated)
npm http fetch GET 200 https://registry.npmjs.org/blob-util 74ms (cache updated)
npm http fetch GET 200 https://registry.npmjs.org/tree-kill 78ms (cache updated)
npm http fetch GET 200 https://registry.npmjs.org/enquirer 118ms (cache updated)
npm http fetch GET 200 https://registry.npmjs.org/minimist 118ms (cache updated)
npm http fetch GET 200 https://registry.npmjs.org/extract-zip 69ms (cache updated)
npm http fetch GET 200 https://registry.npmjs.org/pretty-bytes 78ms (cache updated)
npm http fetch GET 200 https://registry.npmjs.org/commander 161ms (cache updated)
npm http fetch GET 200 https://registry.npmjs.org/executable 121ms (cache updated)
npm http fetch GET 200 https://registry.npmjs.org/cli-table3 124ms (cache updated)
npm http fetch GET 200 https://registry.npmjs.org/cli-cursor 140ms (cache updated)
npm http fetch GET 200 https://registry.npmjs.org/untildify 164ms (cache updated)
npm http fetch GET 200 https://registry.npmjs.org/common-tags 117ms (cache updated)
npm http fetch GET 200 https://registry.npmjs.org/log-symbols 118ms (cache updated)
npm http fetch GET 200 https://registry.npmjs.org/@types%2fsizzle 93ms (cache updated)
npm http fetch GET 200 https://registry.npmjs.org/eventemitter2 81ms (cache updated)
npm http fetch GET 200 https://registry.npmjs.org/supports-color 71ms (cache updated)
npm http fetch GET 200 https://registry.npmjs.org/proxy-from-env 94ms (cache updated)
npm http fetch GET 200 https://registry.npmjs.org/is-installed-globally 126ms (cache updated)
npm http fetch GET 200 https://registry.npmjs.org/request-progress 142ms (cache updated)
npm http fetch GET 200 https://registry.npmjs.org/check-more-types 148ms (cache updated)
npm http fetch GET 200 https://registry.npmjs.org/@cypress%2frequest 173ms (cache updated)
npm http fetch GET 200 https://registry.npmjs.org/@cypress%2fxvfb 707ms (cache updated)
npm http fetch GET 200 https://registry.npmjs.org/@types%2fsinonjs__fake-timers 801ms (cache updated)
npm http fetch GET 200 https://registry.npmjs.org/async 16ms (cache hit)
npm http fetch GET 200 https://registry.npmjs.org/proxy-from-env 19ms (cache hit)
npm http fetch GET 200 https://registry.npmjs.org/follow-redirects 167ms (cache updated)
npm http fetch GET 200 https://registry.npmjs.org/tar-stream 181ms (cache updated)
npm http fetch GET 200 https://registry.npmjs.org/agent-base 335ms (cache updated)
npm http fetch GET 200 https://registry.npmjs.org/@babel%2fruntime 511ms (cache updated)
npm http fetch GET 200 https://registry.npmjs.org/ansi-styles 188ms (cache updated)
npm http fetch GET 200 https://registry.npmjs.org/supports-color 3ms (cache hit)
npm http fetch GET 200 https://registry.npmjs.org/https-proxy-agent 214ms (cache updated)
npm http fetch GET 200 https://registry.npmjs.org/archiver-utils 728ms (cache updated)
npm http fetch GET 200 https://registry.npmjs.org/is-retry-allowed 728ms (cache updated)
npm http fetch GET 200 https://registry.npmjs.org/readdir-glob 745ms (cache updated)
npm http fetch GET 200 https://registry.npmjs.org/zip-stream 770ms (cache updated)
npm http fetch GET 200 https://registry.npmjs.org/buffer-crc32 774ms (cache updated)
npm http fetch GET 200 https://registry.npmjs.org/string-width 67ms (cache updated)
npm http fetch GET 200 https://registry.npmjs.org/readable-stream 804ms (cache updated)
npm http fetch GET 200 https://registry.npmjs.org/decompress-tar 97ms (cache updated)
npm http fetch GET 200 https://registry.npmjs.org/ps-tree 804ms (cache updated)
npm http fetch GET 200 https://registry.npmjs.org/temp-fs 808ms (cache updated)
npm http fetch GET 200 https://registry.npmjs.org/decompress-unzip 84ms (cache updated)
npm http fetch GET 200 https://registry.npmjs.org/decompress-targz 102ms (cache updated)
npm http fetch GET 200 https://registry.npmjs.org/decompress-tarbz2 104ms (cache updated)
npm http fetch GET 200 https://registry.npmjs.org/pify 50ms (cache updated)
npm http fetch GET 200 https://registry.npmjs.org/graceful-fs 80ms (cache updated)
npm http fetch GET 200 https://registry.npmjs.org/make-dir 80ms (cache updated)
npm http fetch GET 200 https://registry.npmjs.org/asynckit 66ms (cache updated)
npm http fetch GET 200 https://registry.npmjs.org/is-running 704ms (cache updated)
npm http fetch GET 200 https://registry.npmjs.org/strip-dirs 120ms (cache updated)
npm http fetch GET 200 https://registry.npmjs.org/combined-stream 107ms (cache updated)
npm http fetch GET 200 https://registry.npmjs.org/graceful-fs 142ms (cache updated)
npm http fetch GET 200 https://registry.npmjs.org/universalify 143ms (cache updated)
npm http fetch GET 200 https://registry.npmjs.org/jsonfile 147ms (cache updated)
npm http fetch GET 200 https://registry.npmjs.org/ini 171ms (cache updated)
npm http fetch GET 200 https://registry.npmjs.org/mime-types 243ms (cache updated)
npm http fetch GET 200 https://registry.npmjs.org/once 217ms (cache updated)
npm http fetch GET 200 https://registry.npmjs.org/debug 7ms (cache hit)
npm http fetch GET 200 https://registry.npmjs.org/glob 11ms (cache hit)
npm http fetch GET 200 https://registry.npmjs.org/yargs 15ms (cache hit)
npm http fetch GET 200 https://registry.npmjs.org/inflight 224ms (cache updated)
npm http fetch GET 200 https://registry.npmjs.org/chokidar 271ms (cache updated)
npm http fetch GET 200 https://registry.npmjs.org/he 466ms (cache updated)
npm http fetch GET 200 https://registry.npmjs.org/fs.realpath 577ms (cache updated)
npm http fetch GET 200 https://registry.npmjs.org/js-yaml 414ms (cache updated)
npm http fetch GET 200 https://registry.npmjs.org/log-symbols 13ms (cache hit)
npm http fetch GET 200 https://registry.npmjs.org/path-is-absolute 621ms (cache updated)
npm http fetch GET 200 https://registry.npmjs.org/diff 571ms (cache updated)
npm http fetch GET 200 https://registry.npmjs.org/ms 621ms (cache updated)
npm http fetch GET 200 https://registry.npmjs.org/inherits 954ms (cache updated)
npm http fetch GET 200 https://registry.npmjs.org/minimatch 943ms (cache updated)
npm http fetch GET 200 https://registry.npmjs.org/ansi-colors 411ms (cache updated)
npm http fetch GET 200 https://registry.npmjs.org/yargs-parser 489ms (cache updated)
npm http fetch GET 200 https://registry.npmjs.org/escape-string-regexp 229ms (cache updated)
npm http fetch GET 200 https://registry.npmjs.org/minimatch 697ms (cache updated)
npm http fetch GET 200 https://registry.npmjs.org/yargs-unparser 491ms (cache updated)
npm http fetch GET 200 https://registry.npmjs.org/strip-json-comments 491ms (cache updated)
npm http fetch GET 200 https://registry.npmjs.org/lodash 6ms (cache hit)
npm http fetch GET 200 https://registry.npmjs.org/string-width 3ms (cache hit)
npm http fetch GET 200 https://registry.npmjs.org/bluebird 13ms (cache hit)
npm http fetch GET 200 https://registry.npmjs.org/browser-stdout 538ms (cache updated)
npm http fetch GET 200 https://registry.npmjs.org/graceful-fs 15ms (cache hit)
npm http fetch GET 200 https://registry.npmjs.org/serialize-javascript 278ms (cache updated)
npm http fetch GET 200 https://registry.npmjs.org/js-queue 233ms (cache updated)
npm http fetch GET 200 https://registry.npmjs.org/js-message 189ms (cache updated)
npm http fetch GET 200 https://registry.npmjs.org/duplexer2 101ms (cache updated)
npm http fetch GET 200 https://registry.npmjs.org/slice-ansi 128ms (cache updated)
npm http fetch GET 200 https://registry.npmjs.org/semver 12ms (cache hit)
npm http fetch GET 200 https://registry.npmjs.org/node-int64 88ms (cache updated)
npm http fetch GET 200 https://registry.npmjs.org/@types%2fnode 1417ms (cache updated)
npm http fetch GET 200 https://registry.npmjs.org/boxen 193ms (cache updated)
npm http fetch GET 200 https://registry.npmjs.org/pupa 198ms (cache updated)
npm http fetch GET 200 https://registry.npmjs.org/event-pubsub 281ms (cache updated)
npm http fetch GET 200 https://registry.npmjs.org/is-installed-globally 7ms (cache hit)
npm http fetch GET 200 https://registry.npmjs.org/execa 3ms (cache hit)
npm http fetch GET 200 https://registry.npmjs.org/import-lazy 176ms (cache updated)
npm http fetch GET 200 https://registry.npmjs.org/is-in-ci 227ms (cache updated)
npm http fetch GET 200 https://registry.npmjs.org/is-npm 234ms (cache updated)
npm http fetch GET 200 https://registry.npmjs.org/configstore 223ms (cache updated)
npm http fetch GET 200 https://registry.npmjs.org/ajv 449ms (cache updated)
npm http fetch GET 200 https://registry.npmjs.org/semver-diff 237ms (cache updated)
npm http fetch GET 200 https://registry.npmjs.org/eyes 198ms (cache updated)
npm http fetch GET 200 https://registry.npmjs.org/isstream 114ms (cache updated)
npm http fetch GET 200 https://registry.npmjs.org/cycle 152ms (cache updated)
npm http fetch GET 200 https://registry.npmjs.org/xdg-basedir 220ms (cache updated)
npm http fetch GET 200 https://registry.npmjs.org/latest-version 219ms (cache updated)
npm http fetch GET 200 https://registry.npmjs.org/stack-trace 112ms (cache updated)
npm http fetch GET 200 https://registry.npmjs.org/colors 123ms (cache updated)
npm http fetch GET 200 https://registry.npmjs.org/yargs-parser 17ms (cache hit)
npm http fetch GET 200 https://registry.npmjs.org/workerpool 1161ms (cache updated)
npm http fetch GET 200 https://registry.npmjs.org/cliui 71ms (cache updated)
npm http fetch GET 200 https://registry.npmjs.org/y18n 99ms (cache updated)
npm http fetch GET 200 https://registry.npmjs.org/set-blocking 87ms (cache updated)
npm http fetch GET 200 https://registry.npmjs.org/require-main-filename 70ms (cache updated)
npm http fetch GET 200 https://registry.npmjs.org/require-directory 86ms (cache updated)
npm http fetch GET 200 https://registry.npmjs.org/get-caller-file 89ms (cache updated)
npm http fetch GET 200 https://registry.npmjs.org/find-up 117ms (cache updated)
npm http fetch GET 200 https://registry.npmjs.org/which-module 122ms (cache updated)
npm http fetch GET 200 https://registry.npmjs.org/decamelize 137ms (cache updated)
npm http fetch GET 200 https://registry.npmjs.org/find-up 1787ms (cache updated)
npm http fetch GET 200 https://registry.npmjs.org/readable-stream 15ms (cache hit)
npm http fetch GET 200 https://registry.npmjs.org/inherits 19ms (cache hit)
npm http fetch GET 200 https://registry.npmjs.org/minimatch 6ms (cache hit)
npm http fetch GET 200 https://registry.npmjs.org/lodash.defaults 81ms (cache updated)
npm http fetch GET 200 https://registry.npmjs.org/lazystream 106ms (cache updated)
npm http fetch GET 200 https://registry.npmjs.org/util-deprecate 105ms (cache updated)
npm http fetch GET 200 https://registry.npmjs.org/archiver-utils 5ms (cache hit)
npm http fetch GET 200 https://registry.npmjs.org/fs-constants 91ms (cache updated)
npm http fetch GET 200 https://registry.npmjs.org/compress-commons 80ms (cache updated)
npm http fetch GET 200 https://registry.npmjs.org/normalize-path 249ms (cache updated)
npm http fetch GET 200 https://registry.npmjs.org/lodash.union 250ms (cache updated)
npm http fetch GET 200 https://registry.npmjs.org/lodash.flatten 273ms (cache updated)
npm http fetch GET 200 https://registry.npmjs.org/lodash.isplainobject 298ms (cache updated)
npm http fetch GET 200 https://registry.npmjs.org/string_decoder 298ms (cache updated)
npm http fetch GET 200 https://registry.npmjs.org/lodash.difference 300ms (cache updated)
npm http fetch GET 200 https://registry.npmjs.org/end-of-stream 284ms (cache updated)
npm http fetch GET 200 https://registry.npmjs.org/bl 292ms (cache updated)
npm http fetch GET 200 https://registry.npmjs.org/string_decoder 9ms (cache hit)
npm http fetch GET 200 https://registry.npmjs.org/util-deprecate 8ms (cache hit)
npm http fetch GET 200 https://registry.npmjs.org/core-util-is 94ms (cache updated)
npm http fetch GET 200 https://registry.npmjs.org/safe-buffer 119ms (cache updated)
npm http fetch GET 200 https://registry.npmjs.org/isarray 121ms (cache updated)
npm http fetch GET 200 https://registry.npmjs.org/process-nextick-args 226ms (cache updated)
npm http fetch GET 200 https://registry.npmjs.org/regenerator-runtime 344ms (cache updated)
npm http fetch GET 200 https://registry.npmjs.org/rimraf 83ms (cache updated)
npm http fetch GET 200 https://registry.npmjs.org/event-stream 85ms (cache updated)
npm http fetch GET 200 https://registry.npmjs.org/has-flag 67ms (cache updated)
npm http fetch GET 200 https://registry.npmjs.org/color-convert 100ms (cache updated)
npm http fetch GET 200 https://registry.npmjs.org/color-name 77ms (cache updated)
npm http fetch GET 200 https://registry.npmjs.org/strip-ansi 41ms (cache updated)
npm http fetch GET 200 https://registry.npmjs.org/emoji-regex 63ms (cache updated)
npm http fetch GET 200 https://registry.npmjs.org/is-fullwidth-code-point 84ms (cache updated)
npm http fetch GET 200 https://registry.npmjs.org/combined-stream 24ms (cache hit)
npm http fetch GET 200 https://registry.npmjs.org/mime-types 25ms (cache hit)
npm http fetch GET 200 https://registry.npmjs.org/isstream 27ms (cache hit)
npm http fetch GET 200 https://registry.npmjs.org/safe-buffer 8ms (cache hit)
npm http fetch GET 200 https://registry.npmjs.org/caseless 91ms (cache updated)
npm http fetch GET 200 https://registry.npmjs.org/tough-cookie 55ms (cache updated)
npm http fetch GET 200 https://registry.npmjs.org/performance-now 78ms (cache updated)
npm http fetch GET 200 https://registry.npmjs.org/lodash.once 58ms (cache updated)
npm http fetch GET 200 https://registry.npmjs.org/base64-js 69ms (cache updated)
npm http fetch GET 200 https://registry.npmjs.org/tunnel-agent 91ms (cache updated)
npm http fetch GET 200 https://registry.npmjs.org/extend 184ms (cache updated)
npm http fetch GET 200 https://registry.npmjs.org/ansi-colors 5ms (cache hit)
npm http fetch GET 200 https://registry.npmjs.org/aws-sign2 218ms (cache updated)
npm http fetch GET 200 https://registry.npmjs.org/is-typedarray 217ms (cache updated)
npm http fetch GET 200 https://registry.npmjs.org/forever-agent 219ms (cache updated)
npm http fetch GET 200 https://registry.npmjs.org/json-stringify-safe 219ms (cache updated)
npm http fetch GET 200 https://registry.npmjs.org/http-signature 221ms (cache updated)
npm http fetch GET 200 https://registry.npmjs.org/qs 197ms (cache updated)
npm http fetch GET 200 https://registry.npmjs.org/restore-cursor 64ms (cache updated)
npm http fetch GET 200 https://registry.npmjs.org/aws4 247ms (cache updated)
npm http fetch GET 200 https://registry.npmjs.org/ieee754 100ms (cache updated)
npm http fetch GET 200 https://registry.npmjs.org/onetime 68ms (cache updated)
npm http fetch GET 200 https://registry.npmjs.org/pify 9ms (cache hit)
npm http fetch GET 200 https://registry.npmjs.org/is-stream 73ms (cache updated)
npm http fetch GET 200 https://registry.npmjs.org/escape-string-regexp 4ms (cache hit)
npm http fetch GET 200 https://registry.npmjs.org/jsonfile 4ms (cache hit)
npm http fetch GET 200 https://registry.npmjs.org/universalify 4ms (cache hit)
npm http fetch GET 200 https://registry.npmjs.org/human-signals 79ms (cache updated)
npm http fetch GET 200 https://registry.npmjs.org/get-stream 102ms (cache updated)
npm http fetch GET 200 https://registry.npmjs.org/merge-stream 102ms (cache updated)
npm http fetch GET 200 https://registry.npmjs.org/cross-spawn 105ms (cache updated)
npm http fetch GET 200 https://registry.npmjs.org/signal-exit 109ms (cache updated)
npm http fetch GET 200 https://registry.npmjs.org/npm-run-path 109ms (cache updated)
npm http fetch GET 200 https://registry.npmjs.org/strip-final-newline 92ms (cache updated)
npm http fetch GET 200 https://registry.npmjs.org/get-stream 89ms (cache updated)
npm http fetch GET 200 https://registry.npmjs.org/@types%2fyauzl 86ms (cache updated)
npm http fetch GET 200 https://registry.npmjs.org/at-least-node 63ms (cache updated)
npm http fetch GET 200 https://registry.npmjs.org/rfdc 70ms (cache updated)
npm http fetch GET 200 https://registry.npmjs.org/is-path-inside 80ms (cache updated)
npm http fetch GET 200 https://registry.npmjs.org/global-dirs 88ms (cache updated)
npm http fetch GET 200 https://registry.npmjs.org/wrap-ansi 95ms (cache updated)
npm http fetch GET 200 https://registry.npmjs.org/@colors%2fcolors 264ms (cache updated)
npm http fetch GET 200 https://registry.npmjs.org/fd-slicer 57ms (cache updated)
npm http fetch GET 200 https://registry.npmjs.org/colorette 141ms (cache updated)
npm http fetch GET 200 https://registry.npmjs.org/through 146ms (cache updated)
npm http fetch GET 200 https://registry.npmjs.org/p-map 155ms (cache updated)
npm http fetch GET 200 https://registry.npmjs.org/rxjs 195ms (cache updated)
npm http fetch GET 200 https://registry.npmjs.org/log-update 182ms (cache updated)
npm http fetch GET 200 https://registry.npmjs.org/cli-truncate 167ms (cache updated)
npm http fetch GET 200 https://registry.npmjs.org/is-unicode-supported 142ms (cache updated)
npm http fetch GET 200 https://registry.npmjs.org/throttleit 137ms (cache updated)
npm http fetch GET 200 https://registry.npmjs.org/side-channel 60ms (cache updated)
npm http fetch GET 200 https://registry.npmjs.org/delayed-stream 77ms (cache updated)
npm http fetch GET 200 https://registry.npmjs.org/jsprim 127ms (cache updated)
npm http fetch GET 200 https://registry.npmjs.org/assert-plus 139ms (cache updated)
npm http fetch GET 200 https://registry.npmjs.org/mime-db 149ms (cache updated)
npm http fetch GET 200 https://registry.npmjs.org/sshpk 225ms (cache updated)
npm http fetch GET 200 https://registry.npmjs.org/tldts 418ms (cache updated)
npm http fetch GET 200 https://registry.npmjs.org/ms 3ms (cache hit)
npm http fetch GET 200 https://registry.npmjs.org/tar-stream 31ms (cache hit)
npm http fetch GET 200 https://registry.npmjs.org/is-stream 33ms (cache hit)
npm http fetch GET 200 https://registry.npmjs.org/is-stream 33ms (cache hit)
npm http fetch GET 200 https://registry.npmjs.org/is-stream 35ms (cache hit)
npm http fetch GET 200 https://registry.npmjs.org/get-stream 36ms (cache hit)
npm http fetch GET 200 https://registry.npmjs.org/is-natural-number 90ms (cache updated)
npm http fetch GET 200 https://registry.npmjs.org/file-type 171ms (cache updated)
npm http fetch GET 200 https://registry.npmjs.org/seek-bzip 175ms (cache updated)
npm http fetch GET 200 https://registry.npmjs.org/file-type 175ms (cache updated)
npm http fetch GET 200 https://registry.npmjs.org/unbzip2-stream 219ms (cache updated)
npm http fetch GET 200 https://registry.npmjs.org/file-type 244ms (cache updated)
npm http fetch GET 200 https://registry.npmjs.org/file-type 275ms (cache updated)
npm http fetch GET 200 https://registry.npmjs.org/end-of-stream 11ms (cache hit)
npm http fetch GET 200 https://registry.npmjs.org/bl 13ms (cache hit)
npm http fetch GET 200 https://registry.npmjs.org/buffer-alloc 54ms (cache updated)
npm http fetch GET 200 https://registry.npmjs.org/to-buffer 69ms (cache updated)
npm http fetch GET 200 https://registry.npmjs.org/xtend 83ms (cache updated)
npm http fetch GET 200 https://registry.npmjs.org/commander 5ms (cache hit)
npm http fetch GET 200 https://registry.npmjs.org/pinkie-promise 58ms (cache updated)
npm http fetch GET 200 https://registry.npmjs.org/object-assign 90ms (cache updated)
npm http fetch GET 200 https://registry.npmjs.org/ansi-regex 60ms (cache updated)
npm http fetch GET 200 https://registry.npmjs.org/shebang-command 61ms (cache updated)
npm http fetch GET 200 https://registry.npmjs.org/mimic-fn 88ms (cache updated)
npm http fetch GET 200 https://registry.npmjs.org/path-key 90ms (cache updated)
npm http fetch GET 200 https://registry.npmjs.org/path-key 90ms (cache updated)
npm http fetch GET 200 https://registry.npmjs.org/which 92ms (cache updated)
npm http fetch GET 200 https://registry.npmjs.org/pump 92ms (cache updated)
npm http fetch GET 200 https://registry.npmjs.org/shebang-regex 73ms (cache updated)
npm http fetch GET 200 https://registry.npmjs.org/isexe 78ms (cache updated)
npm http fetch GET 200 https://registry.npmjs.org/@types%2fnode 26ms (cache hit)
npm http fetch GET 200 https://registry.npmjs.org/undici-types 77ms (cache updated)
npm http fetch GET 200 https://registry.npmjs.org/pinkie 64ms (cache updated)
npm http fetch GET 200 https://registry.npmjs.org/wrappy 68ms (cache updated)
npm http fetch GET 200 https://registry.npmjs.org/brace-expansion 68ms (cache updated)
npm http fetch GET 200 https://registry.npmjs.org/wrappy 90ms (cache updated)
npm http fetch GET 200 https://registry.npmjs.org/jsbn 89ms (cache updated)
npm http fetch GET 200 https://registry.npmjs.org/getpass 99ms (cache updated)
npm http fetch GET 200 https://registry.npmjs.org/json-schema 104ms (cache updated)
npm http fetch GET 200 https://registry.npmjs.org/asn1 114ms (cache updated)
npm http fetch GET 200 https://registry.npmjs.org/bcrypt-pbkdf 115ms (cache updated)
npm http fetch GET 200 https://registry.npmjs.org/extsprintf 119ms (cache updated)
npm http fetch GET 200 https://registry.npmjs.org/ecc-jsbn 118ms (cache updated)
npm http fetch GET 200 https://registry.npmjs.org/dashdash 120ms (cache updated)
npm http fetch GET 200 https://registry.npmjs.org/verror 123ms (cache updated)
npm http fetch GET 200 https://registry.npmjs.org/safer-buffer 124ms (cache updated)
npm http fetch GET 200 https://registry.npmjs.org/tweetnacl 152ms (cache updated)
npm http fetch GET 200 https://registry.npmjs.org/ini 6ms (cache hit)
npm http fetch GET 200 https://registry.npmjs.org/core-util-is 4ms (cache hit)
npm http fetch GET 200 https://registry.npmjs.org/wrap-ansi 12ms (cache hit)
npm http fetch GET 200 https://registry.npmjs.org/slice-ansi 13ms (cache hit)
npm http fetch GET 200 https://registry.npmjs.org/slice-ansi 13ms (cache hit)
npm http fetch GET 200 https://registry.npmjs.org/tslib 77ms (cache updated)
npm http fetch GET 200 https://registry.npmjs.org/ansi-escapes 89ms (cache updated)
npm http fetch GET 200 https://registry.npmjs.org/aggregate-error 92ms (cache updated)
npm http fetch GET 200 https://registry.npmjs.org/astral-regex 86ms (cache updated)
npm http fetch GET 200 https://registry.npmjs.org/type-fest 126ms (cache updated)
npm http fetch GET 200 https://registry.npmjs.org/concat-map 61ms (cache updated)
npm http fetch GET 200 https://registry.npmjs.org/balanced-match 69ms (cache updated)
npm http fetch GET 200 https://registry.npmjs.org/brace-expansion 16ms (cache hit)
npm http fetch GET 200 https://registry.npmjs.org/is-glob 60ms (cache updated)
npm http fetch GET 200 https://registry.npmjs.org/y18n 4ms (cache hit)
npm http fetch GET 200 https://registry.npmjs.org/cliui 4ms (cache hit)
npm http fetch GET 200 https://registry.npmjs.org/fsevents 74ms (cache updated)
npm http fetch GET 200 https://registry.npmjs.org/get-caller-file 10ms (cache hit)
npm http fetch GET 200 https://registry.npmjs.org/anymatch 92ms (cache updated)
npm http fetch GET 200 https://registry.npmjs.org/braces 97ms (cache updated)
npm http fetch GET 200 https://registry.npmjs.org/decamelize 8ms (cache hit)
npm http fetch GET 200 https://registry.npmjs.org/glob-parent 107ms (cache updated)
npm http fetch GET 200 https://registry.npmjs.org/is-binary-path 119ms (cache updated)
npm http fetch GET 200 https://registry.npmjs.org/path-exists 119ms (cache updated)
npm http fetch GET 200 https://registry.npmjs.org/locate-path 120ms (cache updated)
npm http fetch GET 200 https://registry.npmjs.org/randombytes 102ms (cache updated)
npm http fetch GET 200 https://registry.npmjs.org/argparse 121ms (cache updated)
npm http fetch GET 200 https://registry.npmjs.org/readdirp 123ms (cache updated)
npm http fetch GET 200 https://registry.npmjs.org/camelcase 84ms (cache updated)
npm http fetch GET 200 https://registry.npmjs.org/escalade 117ms (cache updated)
npm http fetch GET 200 https://registry.npmjs.org/is-plain-obj 89ms (cache updated)
npm http fetch GET 200 https://registry.npmjs.org/flat 93ms (cache updated)
npm http fetch GET 200 https://registry.npmjs.org/is-glob 37ms (cache hit)
npm http fetch GET 200 https://registry.npmjs.org/picomatch 93ms (cache updated)
npm http fetch GET 200 https://registry.npmjs.org/fill-range 98ms (cache updated)
npm http fetch GET 200 https://registry.npmjs.org/binary-extensions 107ms (cache updated)
npm http fetch GET 200 https://registry.npmjs.org/picomatch 122ms (cache updated)
npm http fetch GET 200 https://registry.npmjs.org/is-extglob 125ms (cache updated)
npm http fetch GET 200 https://registry.npmjs.org/to-regex-range 66ms (cache updated)
npm http fetch GET 200 https://registry.npmjs.org/is-number 72ms (cache updated)
npm http fetch GET 200 https://registry.npmjs.org/p-locate 61ms (cache updated)
npm http fetch GET 200 https://registry.npmjs.org/p-limit 128ms (cache updated)
npm http fetch GET 200 https://registry.npmjs.org/easy-stack 72ms (cache updated)
npm http fetch GET 200 https://registry.npmjs.org/yocto-queue 61ms (cache updated)
npm http fetch GET 200 https://registry.npmjs.org/clean-stack 99ms (cache updated)
npm http fetch GET 200 https://registry.npmjs.org/indent-string 124ms (cache updated)
npm http fetch GET 200 https://registry.npmjs.org/pause-stream 59ms (cache updated)
npm http fetch GET 200 https://registry.npmjs.org/from 74ms (cache updated)
npm http fetch GET 200 https://registry.npmjs.org/duplexer 78ms (cache updated)
npm http fetch GET 200 https://registry.npmjs.org/stream-combiner 78ms (cache updated)
npm http fetch GET 200 https://registry.npmjs.org/split 79ms (cache updated)
npm http fetch GET 200 https://registry.npmjs.org/map-stream 82ms (cache updated)
npm http fetch GET 200 https://registry.npmjs.org/side-channel-list 92ms (cache updated)
npm http fetch GET 200 https://registry.npmjs.org/es-errors 95ms (cache updated)
npm http fetch GET 200 https://registry.npmjs.org/side-channel-map 99ms (cache updated)
npm http fetch GET 200 https://registry.npmjs.org/side-channel-weakmap 101ms (cache updated)
npm http fetch GET 200 https://registry.npmjs.org/object-inspect 102ms (cache updated)
npm http fetch GET 200 https://registry.npmjs.org/call-bound 58ms (cache updated)
npm http fetch GET 200 https://registry.npmjs.org/get-intrinsic 79ms (cache updated)
npm http fetch GET 200 https://registry.npmjs.org/get-intrinsic 83ms (cache updated)
npm http fetch GET 200 https://registry.npmjs.org/call-bound 89ms (cache updated)
npm http fetch GET 200 https://registry.npmjs.org/get-intrinsic 13ms (cache hit)
npm http fetch GET 200 https://registry.npmjs.org/call-bind-apply-helpers 47ms (cache updated)
npm http fetch GET 200 https://registry.npmjs.org/es-object-atoms 48ms (cache updated)
npm http fetch GET 200 https://registry.npmjs.org/gopd 57ms (cache updated)
npm http fetch GET 200 https://registry.npmjs.org/call-bind-apply-helpers 58ms (cache updated)
npm http fetch GET 200 https://registry.npmjs.org/hasown 57ms (cache updated)
npm http fetch GET 200 https://registry.npmjs.org/get-proto 59ms (cache miss)
npm http fetch GET 200 https://registry.npmjs.org/es-define-property 71ms (cache updated)
npm http fetch GET 200 https://registry.npmjs.org/has-symbols 72ms (cache updated)
npm http fetch GET 200 https://registry.npmjs.org/math-intrinsics 73ms (cache updated)
npm http fetch GET 200 https://registry.npmjs.org/function-bind 85ms (cache updated)
npm http fetch GET 200 https://registry.npmjs.org/dunder-proto 70ms (cache updated)
npm http fetch GET 200 https://registry.npmjs.org/tweetnacl 7ms (cache hit)
npm http fetch GET 200 https://registry.npmjs.org/safer-buffer 9ms (cache hit)
npm http fetch GET 200 https://registry.npmjs.org/safer-buffer 9ms (cache hit)
npm http fetch GET 200 https://registry.npmjs.org/is-fullwidth-code-point 9ms (cache hit)
npm http fetch GET 200 https://registry.npmjs.org/emoji-regex 10ms (cache hit)
npm http fetch GET 200 https://registry.npmjs.org/astral-regex 12ms (cache hit)
npm http fetch GET 200 https://registry.npmjs.org/ansi-styles 12ms (cache hit)
npm http fetch GET 200 https://registry.npmjs.org/strip-ansi 12ms (cache hit)
npm http fetch GET 200 https://registry.npmjs.org/is-fullwidth-code-point 13ms (cache hit)
npm http fetch GET 200 https://registry.npmjs.org/fast-json-stable-stringify 91ms (cache updated)
npm http fetch GET 200 https://registry.npmjs.org/json-schema-traverse 92ms (cache updated)
npm http fetch GET 200 https://registry.npmjs.org/fast-deep-equal 94ms (cache updated)
npm http fetch GET 200 https://registry.npmjs.org/uri-js 97ms (cache updated)
npm http fetch GET 200 https://registry.npmjs.org/punycode 58ms (cache updated)
npm http fetch GET 200 https://registry.npmjs.org/tldts-core 311ms (cache updated)
npm http fetch GET 200 https://registry.npmjs.org/xdg-basedir 13ms (cache hit)
npm http fetch GET 200 https://registry.npmjs.org/camelcase 15ms (cache hit)
npm http fetch GET 200 https://registry.npmjs.org/type-fest 16ms (cache hit)
npm http fetch GET 200 https://registry.npmjs.org/escape-goat 68ms (cache updated)
npm http fetch GET 200 https://registry.npmjs.org/widest-line 71ms (cache updated)
npm http fetch GET 200 https://registry.npmjs.org/unique-string 73ms (cache updated)
npm http fetch GET 200 https://registry.npmjs.org/cli-boxes 77ms (cache updated)
npm http fetch GET 200 https://registry.npmjs.org/dot-prop 82ms (cache updated)
npm http fetch GET 200 https://registry.npmjs.org/package-json 82ms (cache updated)
npm http fetch GET 200 https://registry.npmjs.org/write-file-atomic 100ms (cache updated)
npm http fetch GET 200 https://registry.npmjs.org/ansi-align 103ms (cache updated)
npm http fetch GET 200 https://registry.npmjs.org/eastasianwidth 55ms (cache updated)
npm http fetch GET 200 https://registry.npmjs.org/is-obj 45ms (cache updated)
npm http fetch GET 200 https://registry.npmjs.org/crypto-random-string 61ms (cache updated)
npm http fetch GET 200 https://registry.npmjs.org/imurmurhash 69ms (cache updated)
npm http fetch GET 200 https://registry.npmjs.org/typedarray-to-buffer 70ms (cache updated)
npm http fetch GET 200 https://registry.npmjs.org/registry-url 65ms (cache updated)
npm http fetch GET 200 https://registry.npmjs.org/registry-auth-token 85ms (cache updated)
npm http fetch GET 200 https://registry.npmjs.org/got 207ms (cache updated)
npm http fetch GET 200 https://registry.npmjs.org/form-data-encoder 95ms (cache updated)
npm http fetch GET 200 https://registry.npmjs.org/p-cancelable 102ms (cache updated)
npm http fetch GET 200 https://registry.npmjs.org/decompress-response 113ms (cache updated)
npm http fetch GET 200 https://registry.npmjs.org/cacheable-lookup 115ms (cache updated)
npm http fetch GET 200 https://registry.npmjs.org/http2-wrapper 128ms (cache updated)
npm http fetch GET 200 https://registry.npmjs.org/lowercase-keys 140ms (cache updated)
npm http fetch GET 200 https://registry.npmjs.org/responselike 140ms (cache updated)
npm http fetch GET 200 https://registry.npmjs.org/cacheable-request 141ms (cache updated)
npm http fetch GET 200 https://registry.npmjs.org/@sindresorhus%2fis 180ms (cache updated)
npm http fetch GET 200 https://registry.npmjs.org/rc 103ms (cache updated)
npm http fetch GET 200 https://registry.npmjs.org/@szmarczak%2fhttp-timer 302ms (cache updated)
npm http fetch GET 200 https://registry.npmjs.org/@pnpm%2fnpm-conf 1298ms (cache updated)
npm http fetch GET 200 https://registry.npmjs.org/mimic-response 59ms (cache updated)
npm http fetch GET 200 https://registry.npmjs.org/mimic-response 83ms (cache updated)
npm http fetch GET 200 https://registry.npmjs.org/quick-lru 98ms (cache updated)
npm http fetch GET 200 https://registry.npmjs.org/resolve-alpn 99ms (cache updated)
npm http fetch GET 200 https://registry.npmjs.org/defer-to-connect 101ms (cache updated)
npm http fetch GET 200 https://registry.npmjs.org/http-cache-semantics 111ms (cache updated)
npm http fetch GET 200 https://registry.npmjs.org/normalize-url 115ms (cache updated)
npm http fetch GET 200 https://registry.npmjs.org/keyv 117ms (cache updated)
npm http fetch GET 200 https://registry.npmjs.org/@types%2fhttp-cache-semantics 128ms (cache updated)
npm http fetch GET 200 https://registry.npmjs.org/json-buffer 81ms (cache updated)
npm http fetch GET 200 https://registry.npmjs.org/config-chain 59ms (cache updated)
npm http fetch GET 200 https://registry.npmjs.org/@pnpm%2fnetwork.ca-file 70ms (cache updated)
npm http fetch GET 200 https://registry.npmjs.org/@pnpm%2fconfig.env-replace 280ms (cache updated)
npm http fetch GET 200 https://registry.npmjs.org/proto-list 75ms (cache updated)
npm http fetch GET 200 https://registry.npmjs.org/strip-json-comments 5ms (cache hit)
npm http fetch GET 200 https://registry.npmjs.org/deep-extend 77ms (cache updated)
npm http fetch GET 200 https://registry.npmjs.org/human-signals 13ms (cache hit)
npm http fetch GET 200 https://registry.npmjs.org/locate-path 4ms (cache hit)
npm http fetch GET 200 https://registry.npmjs.org/ansi-regex 5ms (cache hit)
npm http fetch GET 200 https://registry.npmjs.org/pend 61ms (cache updated)
npm http fetch GET 200 https://registry.npmjs.org/crc32-stream 65ms (cache updated)
npm http fetch GET 200 https://registry.npmjs.org/crc-32 194ms (cache updated)
npm http fetch GET 200 https://registry.npmjs.org/color-convert 3ms (cache hit)
npm http fetch GET 200 https://registry.npmjs.org/color-name 1ms (cache hit)
npm http fetch GET 200 https://registry.npmjs.org/buffer-alloc-unsafe 67ms (cache updated)
npm http fetch GET 200 https://registry.npmjs.org/buffer-fill 67ms (cache updated)
npm http fetch GET 200 https://registry.npmjs.org/path-exists 5ms (cache hit)
npm http fetch GET 200 https://registry.npmjs.org/p-locate 6ms (cache hit)
npm http fetch GET 200 https://registry.npmjs.org/p-limit 3ms (cache hit)
npm http fetch GET 200 https://registry.npmjs.org/p-try 89ms (cache updated)
npm verbose reify failed optional dependency C:\Users\Premiersoft\OneDrive - Premiersoft\Área de Trabalho\Academy\automacao2\tmpBstackPackages\node_modules\fsevents
npm http fetch POST 200 https://registry.npmjs.org/-/npm/v1/security/advisories/bulk 605ms
npm http fetch GET 200 https://registry.npmjs.org/math-intrinsics/-/math-intrinsics-1.1.0.tgz 959ms (cache miss)
npm http fetch GET 200 https://registry.npmjs.org/get-intrinsic/-/get-intrinsic-1.2.7.tgz 959ms (cache miss)
npm http fetch GET 200 https://registry.npmjs.org/get-proto/-/get-proto-1.0.1.tgz 1008ms (cache miss)
npm warn deprecated inflight@1.0.6: This module is not supported, and leaks memory. Do not use it. Check out lru-cache if you want a good and tested way to coalesce async requests by a key value, which is much more comprehensive and powerful.
npm warn deprecated rimraf@2.5.4: Rimraf versions prior to v4 are no longer supported
npm warn deprecated glob@7.2.3: Glob versions prior to v9 are no longer supported
npm warn deprecated glob@8.1.0: Glob versions prior to v9 are no longer supported
npm http fetch GET 200 https://registry.npmjs.org/tldts-core/-/tldts-core-6.1.71.tgz 2432ms (cache miss)
npm http fetch GET 200 https://registry.npmjs.org/tldts/-/tldts-6.1.71.tgz 2457ms (cache miss)
npm http fetch GET 200 https://registry.npmjs.org/@types/node/-/node-22.10.5.tgz 2522ms (cache miss)
npm info run cypress@13.17.0 postinstall node_modules/cypress node index.js --exec install
npm info run cypress@13.17.0 postinstall { code: 0, signal: null }

added 466 packages, and audited 467 packages in 23s

96 packages are looking for funding
  run `npm fund` for details

found 0 vulnerabilities
npm verbose cwd C:\Users\Premiersoft\OneDrive - Premiersoft\Área de Trabalho\Academy\automacao2\tmpBstackPackages
npm verbose os Windows_NT 10.0.22631
npm verbose node v22.11.0
npm verbose npm  v10.9.0
npm verbose exit 0
npm info ok
